d:\taoyesheng\etcdclient\etcdclient\debug\vc141.pdb
d:\taoyesheng\etcdclient\etcdclient\debug\vc141.idb
d:\taoyesheng\etcdclient\etcdclient\debug\auth.pb.obj
d:\taoyesheng\etcdclient\etcdclient\debug\etcdclient.obj
d:\taoyesheng\etcdclient\etcdclient\debug\etcdclienttype.obj
d:\taoyesheng\etcdclient\etcdclient\debug\kv.pb.obj
d:\taoyesheng\etcdclient\etcdclient\debug\lock.grpc.pb.obj
d:\taoyesheng\etcdclient\etcdclient\debug\lock.pb.obj
d:\taoyesheng\etcdclient\etcdclient\debug\etcdclientmain.obj
d:\taoyesheng\etcdclient\etcdclient\debug\rpc.grpc.pb.obj
d:\taoyesheng\etcdclient\etcdclient\debug\rpc.pb.obj
d:\taoyesheng\etcdclient\etcdclient\debug\xcore_log.obj
d:\taoyesheng\etcdclient\etcdclient\debug\xcore_str_util.obj
d:\taoyesheng\etcdclient_github\etcdclient\debug\vc141.pdb
d:\taoyesheng\etcdclient_github\etcdclient\debug\vc141.idb
d:\taoyesheng\etcdclient_github\etcdclient\debug\auth.pb.obj
d:\taoyesheng\etcdclient_github\etcdclient\debug\etcdclient.obj
d:\taoyesheng\etcdclient_github\etcdclient\debug\etcdclienttype.obj
d:\taoyesheng\etcdclient_github\etcdclient\debug\kv.pb.obj
d:\taoyesheng\etcdclient_github\etcdclient\debug\lock.grpc.pb.obj
d:\taoyesheng\etcdclient_github\etcdclient\debug\lock.pb.obj
d:\taoyesheng\etcdclient_github\etcdclient\debug\main.obj
d:\taoyesheng\etcdclient_github\etcdclient\debug\rpc.grpc.pb.obj
d:\taoyesheng\etcdclient_github\etcdclient\debug\rpc.pb.obj
d:\taoyesheng\etcdclient_github\etcdclient\debug\xcore_log.obj
d:\taoyesheng\etcdclient_github\etcdclient\debug\xcore_str_util.obj
d:\taoyesheng\etcdclient\debug\etcdclient.exe
d:\taoyesheng\etcdclient\debug\etcdclient.ilk
d:\taoyesheng\etcdclient\debug\etcdclient.pdb
d:\taoyesheng\etcdclient_github\debug\etcdclient.ilk
d:\taoyesheng\etcdclient_github\debug\etcdclient.exe
d:\taoyesheng\etcdclient_github\debug\etcdclient.pdb
d:\taoyesheng\etcdclient_github\etcdclient\debug\etcdclientmain.obj
d:\taoyesheng\etcdclient_github\etcdclient\debug\etcdclient.tlog\cl.command.1.tlog
d:\taoyesheng\etcdclient_github\etcdclient\debug\etcdclient.tlog\cl.read.1.tlog
d:\taoyesheng\etcdclient_github\etcdclient\debug\etcdclient.tlog\cl.write.1.tlog
d:\taoyesheng\etcdclient_github\etcdclient\debug\etcdclient.tlog\link.command.1.tlog
d:\taoyesheng\etcdclient_github\etcdclient\debug\etcdclient.tlog\link.read.1.tlog
d:\taoyesheng\etcdclient_github\etcdclient\debug\etcdclient.tlog\link.write.1.tlog
